Build started 2016-05-16 22:15:56.
     1>Project "C:\Users\Mateusz\Downloads\gkom-opengl\gkom-gl\gl_03\gl_03.vcxproj" on node 2 (Build target(s)).
     1>ClCompile:
         C:\Program Files (x86)\Microsoft Visual Studio 12.0\VC\bin\CL.exe /c /Zi /nologo /W3 /WX- /Od /Oy- /D WIN32 /D _DEBUG /D _CONSOLE /D _LIB /D _UNICODE /D UNICODE /Gm /EHsc /RTC1 /MDd /GS /fp:precise /Zc:wchar_t /Zc:forScope /Fo"Debug\\" /Fd"Debug\vc120.pdb" /Gd /TP /analyze- /errorReport:prompt gl_03.cpp
         gl_03.cpp
     1>gl_03.cpp(87): warning C4305: '+=' : truncation from 'double' to 'GLfloat'
     1>gl_03.cpp(92): warning C4305: '-=' : truncation from 'double' to 'GLfloat'
     1>gl_03.cpp(97): warning C4305: '+=' : truncation from 'double' to 'GLfloat'
     1>gl_03.cpp(102): warning C4305: '-=' : truncation from 'double' to 'GLfloat'
       Link:
         C:\Program Files (x86)\Microsoft Visual Studio 12.0\VC\bin\link.exe /ERRORREPORT:PROMPT /OUT:"C:\Users\Mateusz\Downloads\gkom-opengl\gkom-gl\Debug\gl_03.exe" /INCREMENTAL /NOLOGO opengl32.lib glfw3.lib glew32s.lib soil.lib kernel32.lib user32.lib gdi32.lib winspool.lib comdlg32.lib advapi32.lib shell32.lib ole32.lib oleaut32.lib uuid.lib odbc32.lib odbccp32.lib kernel32.lib user32.lib gdi32.lib winspool.lib comdlg32.lib advapi32.lib shell32.lib ole32.lib oleaut32.lib uuid.lib odbc32.lib odbccp32.lib /NODEFAULTLIB:msvcrt.lib /NODEFAULTLIB:libcmt.lib /MANIFEST /MANIFESTUAC:"level='asInvoker' uiAccess='false'" /manifest:embed /DEBUG /PDB:"C:\Users\Mateusz\Downloads\gkom-opengl\gkom-gl\Debug\gl_03.pdb" /SUBSYSTEM:CONSOLE /TLBID:1 /DYNAMICBASE /NXCOMPAT /IMPLIB:"C:\Users\Mateusz\Downloads\gkom-opengl\gkom-gl\Debug\gl_03.lib" /MACHINE:X86 Debug\Arm.obj
         Debug\Belt.obj
         Debug\BoxModel.obj
         Debug\Cuboid.obj
         Debug\CylinderModel.obj
         Debug\Floor.obj
         Debug\gl_03.obj
         Debug\Holder.obj
         Debug\Model.obj
         Debug\PartArm.obj
         Debug\Scene.obj
         Debug\shprogram.obj
         gl_03.vcxproj -> C:\Users\Mateusz\Downloads\gkom-opengl\gkom-gl\Debug\gl_03.exe
     1>Done Building Project "C:\Users\Mateusz\Downloads\gkom-opengl\gkom-gl\gl_03\gl_03.vcxproj" (Build target(s)).

Build succeeded.

Time Elapsed 00:00:01.09
