Build started 2016-06-01 20:42:15.
     1>Project "C:\Users\Mateusz\Downloads\gkom-opengl\gkom-gl\GKOM-Projekt\GKOM-Projekt.vcxproj" on node 2 (Build target(s)).
     1>ClCompile:
         C:\Program Files (x86)\Microsoft Visual Studio 12.0\VC\bin\CL.exe /c /Zi /nologo /W3 /WX- /Od /Oy- /D WIN32 /D _DEBUG /D _CONSOLE /D _LIB /D _UNICODE /D UNICODE /Gm /EHsc /RTC1 /MDd /GS /fp:precise /Zc:wchar_t /Zc:forScope /Fo"Debug\\" /Fd"Debug\vc120.pdb" /Gd /TP /analyze- /errorReport:prompt "GKOM-projekt.cpp"
         GKOM-projekt.cpp
     1>c:\users\mateusz\downloads\gkom-opengl\gkom-gl\gkom-projekt\materials.h(1063): warning C4172: returning address of local variable or temporary
     1>GKOM-projekt.cpp(98): warning C4305: '+=' : truncation from 'double' to 'GLfloat'
     1>GKOM-projekt.cpp(103): warning C4305: '-=' : truncation from 'double' to 'GLfloat'
     1>GKOM-projekt.cpp(108): warning C4305: '+=' : truncation from 'double' to 'GLfloat'
     1>GKOM-projekt.cpp(113): warning C4305: '-=' : truncation from 'double' to 'GLfloat'
     1>GKOM-projekt.cpp(289): warning C4800: 'GLboolean' : forcing value to bool 'true' or 'false' (performance warning)
       Link:
         C:\Program Files (x86)\Microsoft Visual Studio 12.0\VC\bin\link.exe /ERRORREPORT:PROMPT /OUT:"C:\Users\Mateusz\Downloads\gkom-opengl\gkom-gl\Debug\GKOM-Projekt.exe" /INCREMENTAL /NOLOGO opengl32.lib glfw3.lib glew32s.lib soil.lib kernel32.lib user32.lib gdi32.lib winspool.lib comdlg32.lib advapi32.lib shell32.lib ole32.lib oleaut32.lib uuid.lib odbc32.lib odbccp32.lib kernel32.lib user32.lib gdi32.lib winspool.lib comdlg32.lib advapi32.lib shell32.lib ole32.lib oleaut32.lib uuid.lib odbc32.lib odbccp32.lib /NODEFAULTLIB:msvcrt.lib /NODEFAULTLIB:libcmt.lib /MANIFEST /MANIFESTUAC:"level='asInvoker' uiAccess='false'" /manifest:embed /DEBUG /PDB:"C:\Users\Mateusz\Downloads\gkom-opengl\gkom-gl\Debug\GKOM-Projekt.pdb" /SUBSYSTEM:CONSOLE /TLBID:1 /DYNAMICBASE /NXCOMPAT /IMPLIB:"C:\Users\Mateusz\Downloads\gkom-opengl\gkom-gl\Debug\GKOM-Projekt.lib" /MACHINE:X86 Debug\Arm.obj
         Debug\Belt.obj
         Debug\BoxModel.obj
         Debug\Cuboid.obj
         Debug\CylinderModel.obj
         Debug\Plane.obj
         "Debug\GKOM-projekt.obj"
         Debug\Holder.obj
         Debug\Model.obj
         Debug\PartArm.obj
         Debug\Scene.obj
         Debug\shprogram.obj
         soil.lib(SOIL.obj) : MSIL .netmodule or module compiled with /GL found; restarting link with /LTCG; add /LTCG to the link command line to improve linker performance
     1>LINK : warning LNK4075: ignoring '/INCREMENTAL' due to '/LTCG' specification
         Generating code
         Finished generating code
     1>PartArm.obj : warning LNK4049: locally defined symbol ___glewBindBuffer imported
     1>Belt.obj : warning LNK4049: locally defined symbol ___glewBindBuffer imported
     1>BoxModel.obj : warning LNK4049: locally defined symbol ___glewBindBuffer imported
     1>CylinderModel.obj : warning LNK4049: locally defined symbol ___glewBindBuffer imported
     1>Plane.obj : warning LNK4049: locally defined symbol ___glewBindBuffer imported
     1>PartArm.obj : warning LNK4049: locally defined symbol ___glewBufferData imported
     1>Belt.obj : warning LNK4049: locally defined symbol ___glewBufferData imported
     1>BoxModel.obj : warning LNK4049: locally defined symbol ___glewBufferData imported
     1>CylinderModel.obj : warning LNK4049: locally defined symbol ___glewBufferData imported
     1>Plane.obj : warning LNK4049: locally defined symbol ___glewBufferData imported
     1>PartArm.obj : warning LNK4049: locally defined symbol ___glewGenBuffers imported
     1>Belt.obj : warning LNK4049: locally defined symbol ___glewGenBuffers imported
     1>BoxModel.obj : warning LNK4049: locally defined symbol ___glewGenBuffers imported
     1>CylinderModel.obj : warning LNK4049: locally defined symbol ___glewGenBuffers imported
     1>Plane.obj : warning LNK4049: locally defined symbol ___glewGenBuffers imported
     1>PartArm.obj : warning LNK4049: locally defined symbol ___glewEnableVertexAttribArray imported
     1>Belt.obj : warning LNK4049: locally defined symbol ___glewEnableVertexAttribArray imported
     1>BoxModel.obj : warning LNK4049: locally defined symbol ___glewEnableVertexAttribArray imported
     1>CylinderModel.obj : warning LNK4049: locally defined symbol ___glewEnableVertexAttribArray imported
     1>Plane.obj : warning LNK4049: locally defined symbol ___glewEnableVertexAttribArray imported
     1>PartArm.obj : warning LNK4049: locally defined symbol ___glewVertexAttribPointer imported
     1>Belt.obj : warning LNK4049: locally defined symbol ___glewVertexAttribPointer imported
     1>BoxModel.obj : warning LNK4049: locally defined symbol ___glewVertexAttribPointer imported
     1>CylinderModel.obj : warning LNK4049: locally defined symbol ___glewVertexAttribPointer imported
     1>Plane.obj : warning LNK4049: locally defined symbol ___glewVertexAttribPointer imported
     1>Model.obj : warning LNK4049: locally defined symbol ___glewBindVertexArray imported
     1>PartArm.obj : warning LNK4049: locally defined symbol ___glewBindVertexArray imported
     1>Belt.obj : warning LNK4049: locally defined symbol ___glewBindVertexArray imported
     1>BoxModel.obj : warning LNK4049: locally defined symbol ___glewBindVertexArray imported
     1>CylinderModel.obj : warning LNK4049: locally defined symbol ___glewBindVertexArray imported
     1>Plane.obj : warning LNK4049: locally defined symbol ___glewBindVertexArray imported
     1>PartArm.obj : warning LNK4049: locally defined symbol ___glewGenVertexArrays imported
     1>Belt.obj : warning LNK4049: locally defined symbol ___glewGenVertexArrays imported
     1>BoxModel.obj : warning LNK4049: locally defined symbol ___glewGenVertexArrays imported
     1>CylinderModel.obj : warning LNK4049: locally defined symbol ___glewGenVertexArrays imported
     1>Plane.obj : warning LNK4049: locally defined symbol ___glewGenVertexArrays imported
     1>Model.obj : warning LNK4049: locally defined symbol ___glewActiveTexture imported
     1>Model.obj : warning LNK4049: locally defined symbol ___glewGetUniformLocation imported
     1>Model.obj : warning LNK4049: locally defined symbol ___glewUniform1f imported
     1>Model.obj : warning LNK4049: locally defined symbol ___glewUniform1i imported
     1>Model.obj : warning LNK4049: locally defined symbol ___glewUniform3f imported
     1>Model.obj : warning LNK4049: locally defined symbol ___glewUniformMatrix4fv imported
     1>Model.obj : warning LNK4049: locally defined symbol ___glewGenerateMipmap imported
     1>shprogram.obj : warning LNK4049: locally defined symbol ___glewAttachShader imported
     1>shprogram.obj : warning LNK4049: locally defined symbol ___glewCompileShader imported
     1>shprogram.obj : warning LNK4049: locally defined symbol ___glewCreateProgram imported
     1>shprogram.obj : warning LNK4049: locally defined symbol ___glewCreateShader imported
     1>shprogram.obj : warning LNK4049: locally defined symbol ___glewDeleteShader imported
     1>shprogram.obj : warning LNK4049: locally defined symbol ___glewGetProgramInfoLog imported
     1>shprogram.obj : warning LNK4049: locally defined symbol ___glewGetProgramiv imported
     1>shprogram.obj : warning LNK4049: locally defined symbol ___glewGetShaderInfoLog imported
     1>shprogram.obj : warning LNK4049: locally defined symbol ___glewGetShaderiv imported
     1>shprogram.obj : warning LNK4049: locally defined symbol ___glewLinkProgram imported
     1>shprogram.obj : warning LNK4049: locally defined symbol ___glewShaderSource imported
         GKOM-Projekt.vcxproj -> C:\Users\Mateusz\Downloads\gkom-opengl\gkom-gl\Debug\GKOM-Projekt.exe
     1>Done Building Project "C:\Users\Mateusz\Downloads\gkom-opengl\gkom-gl\GKOM-Projekt\GKOM-Projekt.vcxproj" (Build target(s)).

Build succeeded.

Time Elapsed 00:00:02.05
