Build started 2016-05-18 21:21:33.
     1>Project "C:\Users\Mateusz\Downloads\gkom-opengl\gkom-gl\gl_03\gl_03.vcxproj" on node 2 (Build target(s)).
     1>C:\Program Files (x86)\MSBuild\Microsoft.Cpp\v4.0\V120\Microsoft.CppBuild.targets(388,5): warning MSB8028: The intermediate directory (Debug\) contains files shared from another project (gl_03.vcxproj).  This can lead to incorrect clean and rebuild behavior.
     1>ClCompile:
         C:\Program Files (x86)\Microsoft Visual Studio 12.0\VC\bin\CL.exe /c /Zi /nologo /W3 /WX- /Od /Oy- /D WIN32 /D _DEBUG /D _CONSOLE /D _LIB /D _UNICODE /D UNICODE /Gm /EHsc /RTC1 /MDd /GS /fp:precise /Zc:wchar_t /Zc:forScope /Fo"Debug\\" /Fd"Debug\vc120.pdb" /Gd /TP /analyze- /errorReport:prompt Arm.cpp Cuboid.cpp Holder.cpp Plane.cpp
         Plane.cpp
     1>c:\users\mateusz\downloads\gkom-opengl\gkom-gl\gl_03\materials.h(1063): warning C4172: returning address of local variable or temporary
     1>Plane.cpp(81): warning C4018: '<' : signed/unsigned mismatch
     1>Plane.cpp(85): warning C4018: '<' : signed/unsigned mismatch
     1>Plane.cpp(115): warning C4018: '<' : signed/unsigned mismatch
     1>Plane.cpp(160): warning C4018: '<' : signed/unsigned mismatch
         Generating Code...
         Skipping... (no relevant changes detected)
         Holder.cpp
         Cuboid.cpp
         Arm.cpp
       Link:
         C:\Program Files (x86)\Microsoft Visual Studio 12.0\VC\bin\link.exe /ERRORREPORT:PROMPT /OUT:"C:\Users\Mateusz\Downloads\gkom-opengl\gkom-gl\Debug\GKOM-Projekt.exe" /INCREMENTAL /NOLOGO opengl32.lib glfw3.lib glew32s.lib soil.lib kernel32.lib user32.lib gdi32.lib winspool.lib comdlg32.lib advapi32.lib shell32.lib ole32.lib oleaut32.lib uuid.lib odbc32.lib odbccp32.lib kernel32.lib user32.lib gdi32.lib winspool.lib comdlg32.lib advapi32.lib shell32.lib ole32.lib oleaut32.lib uuid.lib odbc32.lib odbccp32.lib /NODEFAULTLIB:msvcrt.lib /NODEFAULTLIB:libcmt.lib /MANIFEST /MANIFESTUAC:"level='asInvoker' uiAccess='false'" /manifest:embed /DEBUG /PDB:"C:\Users\Mateusz\Downloads\gkom-opengl\gkom-gl\Debug\GKOM-Projekt.pdb" /SUBSYSTEM:CONSOLE /TLBID:1 /DYNAMICBASE /NXCOMPAT /IMPLIB:"C:\Users\Mateusz\Downloads\gkom-opengl\gkom-gl\Debug\GKOM-Projekt.lib" /MACHINE:X86 Debug\Arm.obj
         Debug\Belt.obj
         Debug\BoxModel.obj
         Debug\Cuboid.obj
         Debug\CylinderModel.obj
         Debug\Plane.obj
         "Debug\GKOM-projekt.obj"
         Debug\Holder.obj
         Debug\Model.obj
         Debug\PartArm.obj
         Debug\Scene.obj
         Debug\shprogram.obj
         soil.lib(SOIL.obj) : MSIL .netmodule or module compiled with /GL found; restarting link with /LTCG; add /LTCG to the link command line to improve linker performance
     1>LINK : warning LNK4075: ignoring '/INCREMENTAL' due to '/LTCG' specification
         Generating code
         Finished generating code
     1>PartArm.obj : warning LNK4049: locally defined symbol ___glewBindBuffer imported
     1>Belt.obj : warning LNK4049: locally defined symbol ___glewBindBuffer imported
     1>BoxModel.obj : warning LNK4049: locally defined symbol ___glewBindBuffer imported
     1>CylinderModel.obj : warning LNK4049: locally defined symbol ___glewBindBuffer imported
     1>Plane.obj : warning LNK4049: locally defined symbol ___glewBindBuffer imported
     1>PartArm.obj : warning LNK4049: locally defined symbol ___glewBufferData imported
     1>Belt.obj : warning LNK4049: locally defined symbol ___glewBufferData imported
     1>BoxModel.obj : warning LNK4049: locally defined symbol ___glewBufferData imported
     1>CylinderModel.obj : warning LNK4049: locally defined symbol ___glewBufferData imported
     1>Plane.obj : warning LNK4049: locally defined symbol ___glewBufferData imported
     1>PartArm.obj : warning LNK4049: locally defined symbol ___glewGenBuffers imported
     1>Belt.obj : warning LNK4049: locally defined symbol ___glewGenBuffers imported
     1>BoxModel.obj : warning LNK4049: locally defined symbol ___glewGenBuffers imported
     1>CylinderModel.obj : warning LNK4049: locally defined symbol ___glewGenBuffers imported
     1>Plane.obj : warning LNK4049: locally defined symbol ___glewGenBuffers imported
     1>PartArm.obj : warning LNK4049: locally defined symbol ___glewEnableVertexAttribArray imported
     1>Belt.obj : warning LNK4049: locally defined symbol ___glewEnableVertexAttribArray imported
     1>BoxModel.obj : warning LNK4049: locally defined symbol ___glewEnableVertexAttribArray imported
     1>CylinderModel.obj : warning LNK4049: locally defined symbol ___glewEnableVertexAttribArray imported
     1>Plane.obj : warning LNK4049: locally defined symbol ___glewEnableVertexAttribArray imported
     1>PartArm.obj : warning LNK4049: locally defined symbol ___glewVertexAttribPointer imported
     1>Belt.obj : warning LNK4049: locally defined symbol ___glewVertexAttribPointer imported
     1>BoxModel.obj : warning LNK4049: locally defined symbol ___glewVertexAttribPointer imported
     1>CylinderModel.obj : warning LNK4049: locally defined symbol ___glewVertexAttribPointer imported
     1>Plane.obj : warning LNK4049: locally defined symbol ___glewVertexAttribPointer imported
     1>Model.obj : warning LNK4049: locally defined symbol ___glewBindVertexArray imported
     1>PartArm.obj : warning LNK4049: locally defined symbol ___glewBindVertexArray imported
     1>Belt.obj : warning LNK4049: locally defined symbol ___glewBindVertexArray imported
     1>BoxModel.obj : warning LNK4049: locally defined symbol ___glewBindVertexArray imported
     1>CylinderModel.obj : warning LNK4049: locally defined symbol ___glewBindVertexArray imported
     1>Plane.obj : warning LNK4049: locally defined symbol ___glewBindVertexArray imported
     1>PartArm.obj : warning LNK4049: locally defined symbol ___glewGenVertexArrays imported
     1>Belt.obj : warning LNK4049: locally defined symbol ___glewGenVertexArrays imported
     1>BoxModel.obj : warning LNK4049: locally defined symbol ___glewGenVertexArrays imported
     1>CylinderModel.obj : warning LNK4049: locally defined symbol ___glewGenVertexArrays imported
     1>Plane.obj : warning LNK4049: locally defined symbol ___glewGenVertexArrays imported
     1>Model.obj : warning LNK4049: locally defined symbol ___glewActiveTexture imported
     1>Model.obj : warning LNK4049: locally defined symbol ___glewGetUniformLocation imported
     1>Model.obj : warning LNK4049: locally defined symbol ___glewUniform1f imported
     1>Model.obj : warning LNK4049: locally defined symbol ___glewUniform1i imported
     1>Model.obj : warning LNK4049: locally defined symbol ___glewUniform3f imported
     1>Model.obj : warning LNK4049: locally defined symbol ___glewUniformMatrix4fv imported
     1>Model.obj : warning LNK4049: locally defined symbol ___glewGenerateMipmap imported
     1>shprogram.obj : warning LNK4049: locally defined symbol ___glewAttachShader imported
     1>shprogram.obj : warning LNK4049: locally defined symbol ___glewCompileShader imported
     1>shprogram.obj : warning LNK4049: locally defined symbol ___glewCreateProgram imported
     1>shprogram.obj : warning LNK4049: locally defined symbol ___glewCreateShader imported
     1>shprogram.obj : warning LNK4049: locally defined symbol ___glewDeleteShader imported
     1>shprogram.obj : warning LNK4049: locally defined symbol ___glewGetProgramInfoLog imported
     1>shprogram.obj : warning LNK4049: locally defined symbol ___glewGetProgramiv imported
     1>shprogram.obj : warning LNK4049: locally defined symbol ___glewGetShaderInfoLog imported
     1>shprogram.obj : warning LNK4049: locally defined symbol ___glewGetShaderiv imported
     1>shprogram.obj : warning LNK4049: locally defined symbol ___glewLinkProgram imported
     1>shprogram.obj : warning LNK4049: locally defined symbol ___glewShaderSource imported
         gl_03.vcxproj -> C:\Users\Mateusz\Downloads\gkom-opengl\gkom-gl\Debug\GKOM-Projekt.exe
     1>Done Building Project "C:\Users\Mateusz\Downloads\gkom-opengl\gkom-gl\gl_03\gl_03.vcxproj" (Build target(s)).

Build succeeded.

Time Elapsed 00:00:02.38
