c:\users\mateusz\downloads\gkom-opengl\gkom-gl\gl_03\debug\vc120.pdb
c:\users\mateusz\downloads\gkom-opengl\gkom-gl\gl_03\debug\vc120.idb
c:\users\mateusz\downloads\gkom-opengl\gkom-gl\gl_03\debug\arm.obj
c:\users\mateusz\downloads\gkom-opengl\gkom-gl\gl_03\debug\belt.obj
c:\users\mateusz\downloads\gkom-opengl\gkom-gl\gl_03\debug\boxmodel.obj
c:\users\mateusz\downloads\gkom-opengl\gkom-gl\gl_03\debug\cuboid.obj
c:\users\mateusz\downloads\gkom-opengl\gkom-gl\gl_03\debug\cylindermodel.obj
c:\users\mateusz\downloads\gkom-opengl\gkom-gl\gl_03\debug\plane.obj
c:\users\mateusz\downloads\gkom-opengl\gkom-gl\gl_03\debug\gl_03.obj
c:\users\mateusz\downloads\gkom-opengl\gkom-gl\gl_03\debug\holder.obj
c:\users\mateusz\downloads\gkom-opengl\gkom-gl\gl_03\debug\model.obj
c:\users\mateusz\downloads\gkom-opengl\gkom-gl\gl_03\debug\partarm.obj
c:\users\mateusz\downloads\gkom-opengl\gkom-gl\gl_03\debug\scene.obj
c:\users\mateusz\downloads\gkom-opengl\gkom-gl\gl_03\debug\shprogram.obj
c:\users\mateusz\downloads\gkom-opengl\gkom-gl\debug\gl_03.exe
c:\users\mateusz\downloads\gkom-opengl\gkom-gl\debug\gl_03.pdb
c:\users\mateusz\downloads\gkom-opengl\gkom-gl\gl_03\debug\gl_03.tlog\cl.command.1.tlog
c:\users\mateusz\downloads\gkom-opengl\gkom-gl\gl_03\debug\gl_03.tlog\cl.read.1.tlog
c:\users\mateusz\downloads\gkom-opengl\gkom-gl\gl_03\debug\gl_03.tlog\cl.write.1.tlog
c:\users\mateusz\downloads\gkom-opengl\gkom-gl\gl_03\debug\gl_03.tlog\link.command.1.tlog
c:\users\mateusz\downloads\gkom-opengl\gkom-gl\gl_03\debug\gl_03.tlog\link.read.1.tlog
c:\users\mateusz\downloads\gkom-opengl\gkom-gl\gl_03\debug\gl_03.tlog\link.write.1.tlog
