Build started 2016-04-22 19:06:45.
     1>Project "C:\Users\Mateusz\Downloads\gkom-opengl\gkom-gl\gl_04\gl_04.vcxproj" on node 2 (Build target(s)).
     1>ClCompile:
         C:\Program Files (x86)\Microsoft Visual Studio 12.0\VC\bin\CL.exe /c /Zi /nologo /W3 /WX- /Od /Oy- /D WIN32 /D _DEBUG /D _CONSOLE /D _LIB /D _UNICODE /D UNICODE /Gm /EHsc /RTC1 /MDd /GS /fp:precise /Zc:wchar_t /Zc:forScope /Fo"Debug\\" /Fd"Debug\vc120.pdb" /Gd /TP /analyze- /errorReport:prompt gl_04.cpp shprogram.cpp
         shprogram.cpp
         gl_04.cpp
         Generating Code...
       Link:
         C:\Program Files (x86)\Microsoft Visual Studio 12.0\VC\bin\link.exe /ERRORREPORT:PROMPT /OUT:"C:\Users\Mateusz\Downloads\gkom-opengl\gkom-gl\Debug\gl_04.exe" /INCREMENTAL /NOLOGO opengl32.lib glfw3.lib glew32s.lib soil.lib kernel32.lib user32.lib gdi32.lib winspool.lib comdlg32.lib advapi32.lib shell32.lib ole32.lib oleaut32.lib uuid.lib odbc32.lib odbccp32.lib kernel32.lib user32.lib gdi32.lib winspool.lib comdlg32.lib advapi32.lib shell32.lib ole32.lib oleaut32.lib uuid.lib odbc32.lib odbccp32.lib /NODEFAULTLIB:msvcrt.lib /NODEFAULTLIB:libcmt.lib /MANIFEST /MANIFESTUAC:"level='asInvoker' uiAccess='false'" /manifest:embed /DEBUG /PDB:"C:\Users\Mateusz\Downloads\gkom-opengl\gkom-gl\Debug\gl_04.pdb" /SUBSYSTEM:CONSOLE /TLBID:1 /DYNAMICBASE /NXCOMPAT /IMPLIB:"C:\Users\Mateusz\Downloads\gkom-opengl\gkom-gl\Debug\gl_04.lib" /MACHINE:X86 Debug\gl_04.obj
         Debug\shprogram.obj
         soil.lib(SOIL.obj) : MSIL .netmodule or module compiled with /GL found; restarting link with /LTCG; add /LTCG to the link command line to improve linker performance
     1>LINK : warning LNK4075: ignoring '/INCREMENTAL' due to '/LTCG' specification
         Generating code
         Finished generating code
     1>shprogram.obj : warning LNK4049: locally defined symbol ___glewAttachShader imported
     1>shprogram.obj : warning LNK4049: locally defined symbol ___glewCompileShader imported
     1>shprogram.obj : warning LNK4049: locally defined symbol ___glewCreateProgram imported
     1>shprogram.obj : warning LNK4049: locally defined symbol ___glewCreateShader imported
     1>shprogram.obj : warning LNK4049: locally defined symbol ___glewDeleteShader imported
     1>shprogram.obj : warning LNK4049: locally defined symbol ___glewGetProgramInfoLog imported
     1>shprogram.obj : warning LNK4049: locally defined symbol ___glewGetProgramiv imported
     1>shprogram.obj : warning LNK4049: locally defined symbol ___glewGetShaderInfoLog imported
     1>shprogram.obj : warning LNK4049: locally defined symbol ___glewGetShaderiv imported
     1>shprogram.obj : warning LNK4049: locally defined symbol ___glewLinkProgram imported
     1>shprogram.obj : warning LNK4049: locally defined symbol ___glewShaderSource imported
         gl_04.vcxproj -> C:\Users\Mateusz\Downloads\gkom-opengl\gkom-gl\Debug\gl_04.exe
     1>Done Building Project "C:\Users\Mateusz\Downloads\gkom-opengl\gkom-gl\gl_04\gl_04.vcxproj" (Build target(s)).

Build succeeded.

Time Elapsed 00:00:02.60
